2018-04-04 09:51:11,435 INFO  com.akera.ApplicationStart 50 - Starting ApplicationStart on DESKTOP-UPB3B4J with PID 13444 (F:\IDEAProject\springboot_jwt\target\classes started by ASUS in F:\IDEAProject\springboot_jwt)
2018-04-04 09:51:11,597 INFO  com.akera.ApplicationStart 656 - The following profiles are active: dev
2018-04-04 09:51:12,081 INFO  o.s.b.w.s.c.AnnotationConfigServletWebServerApplicationContext 589 - Refreshing org.springframework.boot.web.servlet.context.AnnotationConfigServletWebServerApplicationContext@7714e963: startup date [Wed Apr 04 09:51:12 CST 2018]; root of context hierarchy
2018-04-04 09:51:17,232 WARN  o.m.s.mapper.ClassPathMapperScanner 167 - No MyBatis mapper was found in '[com.akera]' package. Please check your configuration.
2018-04-04 09:51:19,684 INFO  o.s.b.w.e.tomcat.TomcatWebServer 91 - Tomcat initialized with port(s): 10086 (http)
2018-04-04 09:51:19,854 INFO  o.a.coyote.http11.Http11NioProtocol 180 - Initializing ProtocolHandler ["http-nio-10086"]
2018-04-04 09:51:19,942 INFO  o.a.catalina.core.StandardService 180 - Starting service [Tomcat]
2018-04-04 09:51:19,942 INFO  o.a.catalina.core.StandardEngine 180 - Starting Servlet Engine: Apache Tomcat/8.5.28
2018-04-04 09:51:20,048 INFO  o.a.c.core.AprLifecycleListener 180 - The APR based Apache Tomcat Native library which allows optimal performance in production environments was not found on the java.library.path: [E:\Java\jdk1.8.0_92\bin;C:\WINDOWS\Sun\Java\bin;C:\WINDOWS\system32;C:\WINDOWS;C:\ProgramData\Oracle\Java\javapath;C:\WINDOWS\system32;C:\WINDOWS;C:\WINDOWS\System32\Wbem;C:\WINDOWS\System32\WindowsPowerShell\v1.0\;E:\Java\jdk1.8.0_92\bin;E:\maven\apache-maven-3.3.9\bin;C:\Program Files\MySQL\MySQL Utilities 1.6\;C:\Program Files\MySQL\MySQL Server 5.7\bin;E:\gradle\gradle-4.2.1\bin;E:\Git\cmd;C:\Users\ASUS\AppData\Local\Microsoft\WindowsApps;;E:\VSCode\Microsoft VS Code\bin;.]
2018-04-04 09:51:20,438 INFO  o.a.c.c.C.[Tomcat].[localhost].[/] 180 - Initializing Spring embedded WebApplicationContext
2018-04-04 09:51:20,438 INFO  o.s.web.context.ContextLoader 285 - Root WebApplicationContext: initialization completed in 8357 ms
2018-04-04 09:51:20,929 INFO  o.s.b.w.s.ServletRegistrationBean 185 - Servlet dispatcherServlet mapped to [/]
2018-04-04 09:51:20,934 INFO  o.s.b.w.s.FilterRegistrationBean 243 - Mapping filter: 'characterEncodingFilter' to: [/*]
2018-04-04 09:51:20,934 INFO  o.s.b.w.s.FilterRegistrationBean 243 - Mapping filter: 'hiddenHttpMethodFilter' to: [/*]
2018-04-04 09:51:20,935 INFO  o.s.b.w.s.FilterRegistrationBean 243 - Mapping filter: 'httpPutFormContentFilter' to: [/*]
2018-04-04 09:51:20,935 INFO  o.s.b.w.s.FilterRegistrationBean 243 - Mapping filter: 'requestContextFilter' to: [/*]
2018-04-04 09:51:20,935 INFO  o.s.b.w.s.FilterRegistrationBean 243 - Mapping filter: 'corsFilter' to: [/*]
2018-04-04 09:51:22,385 INFO  o.s.w.s.m.m.a.RequestMappingHandlerAdapter 567 - Looking for @ControllerAdvice: org.springframework.boot.web.servlet.context.AnnotationConfigServletWebServerApplicationContext@7714e963: startup date [Wed Apr 04 09:51:12 CST 2018]; root of context hierarchy
2018-04-04 09:51:22,574 INFO  o.s.w.s.m.m.a.RequestMappingHandlerMapping 548 - Mapped "{[/error]}" onto public org.springframework.http.ResponseEntity<java.util.Map<java.lang.String, java.lang.Object>> org.springframework.boot.autoconfigure.web.servlet.error.BasicErrorController.error(javax.servlet.http.HttpServletRequest)
2018-04-04 09:51:22,576 INFO  o.s.w.s.m.m.a.RequestMappingHandlerMapping 548 - Mapped "{[/error],produces=[text/html]}" onto public org.springframework.web.servlet.ModelAndView org.springframework.boot.autoconfigure.web.servlet.error.BasicErrorController.errorHtml(javax.servlet.http.HttpServletRequest,javax.servlet.http.HttpServletResponse)
2018-04-04 09:51:22,633 INFO  o.s.w.s.h.SimpleUrlHandlerMapping 373 - Mapped URL path [/**] onto handler of type [class org.springframework.web.servlet.resource.ResourceHttpRequestHandler]
2018-04-04 09:51:22,634 INFO  o.s.w.s.h.SimpleUrlHandlerMapping 373 - Mapped URL path [/webjars/**] onto handler of type [class org.springframework.web.servlet.resource.ResourceHttpRequestHandler]
2018-04-04 09:51:22,694 INFO  o.s.w.s.h.SimpleUrlHandlerMapping 373 - Mapped URL path [/**/favicon.ico] onto handler of type [class org.springframework.web.servlet.resource.ResourceHttpRequestHandler]
2018-04-04 09:51:23,289 WARN  o.s.b.w.s.c.AnnotationConfigServletWebServerApplicationContext 557 - Exception encountered during context initialization - cancelling refresh attempt: org.springframework.beans.factory.UnsatisfiedDependencyException: Error creating bean with name 'tk.mybatis.mapper.autoconfigure.MapperAutoConfiguration': Unsatisfied dependency expressed through field 'properties'; nested exception is org.springframework.boot.context.properties.ConfigurationPropertiesBindException: Error creating bean with name 'mapper-tk.mybatis.mapper.autoconfigure.MapperProperties': Could not bind properties to 'MapperProperties' : prefix=mapper, ignoreInvalidFields=false, ignoreUnknownFields=true; nested exception is org.springframework.boot.context.properties.bind.BindException: Failed to bind properties under 'mapper.mappers' to java.util.List<java.lang.Class<?>>
2018-04-04 09:51:23,289 INFO  o.s.j.e.a.AnnotationMBeanExporter 452 - Unregistering JMX-exposed beans on shutdown
2018-04-04 09:51:23,292 INFO  o.a.catalina.core.StandardService 180 - Stopping service [Tomcat]
2018-04-04 09:51:23,394 WARN  o.a.c.loader.WebappClassLoaderBase 180 - The web application [ROOT] appears to have started a thread named [Abandoned connection cleanup thread] but has failed to stop it. This is very likely to create a memory leak. Stack trace of thread:
 java.lang.Object.wait(Native Method)
 java.lang.ref.ReferenceQueue.remove(ReferenceQueue.java:143)
 com.mysql.cj.jdbc.AbandonedConnectionCleanupThread.run(AbandonedConnectionCleanupThread.java:43)
2018-04-04 09:51:23,460 INFO  o.s.b.a.l.ConditionEvaluationReportLoggingListener 101 - 

Error starting ApplicationContext. To display the conditions report re-run your application with 'debug' enabled.
2018-04-04 09:54:48,187 INFO  com.akera.ApplicationStart 50 - Starting ApplicationStart on DESKTOP-UPB3B4J with PID 9996 (F:\IDEAProject\springboot_jwt\target\classes started by ASUS in F:\IDEAProject\springboot_jwt)
2018-04-04 09:54:48,191 INFO  com.akera.ApplicationStart 656 - The following profiles are active: dev
2018-04-04 09:54:48,250 INFO  o.s.b.w.s.c.AnnotationConfigServletWebServerApplicationContext 589 - Refreshing org.springframework.boot.web.servlet.context.AnnotationConfigServletWebServerApplicationContext@1dde4cb2: startup date [Wed Apr 04 09:54:48 CST 2018]; root of context hierarchy
2018-04-04 09:54:49,275 WARN  o.m.s.mapper.ClassPathMapperScanner 167 - No MyBatis mapper was found in '[com.akera]' package. Please check your configuration.
2018-04-04 09:54:50,637 INFO  o.s.b.w.e.tomcat.TomcatWebServer 91 - Tomcat initialized with port(s): 10086 (http)
2018-04-04 09:54:50,655 INFO  o.a.coyote.http11.Http11NioProtocol 180 - Initializing ProtocolHandler ["http-nio-10086"]
2018-04-04 09:54:50,667 INFO  o.a.catalina.core.StandardService 180 - Starting service [Tomcat]
2018-04-04 09:54:50,667 INFO  o.a.catalina.core.StandardEngine 180 - Starting Servlet Engine: Apache Tomcat/8.5.28
2018-04-04 09:54:50,677 INFO  o.a.c.core.AprLifecycleListener 180 - The APR based Apache Tomcat Native library which allows optimal performance in production environments was not found on the java.library.path: [E:\Java\jdk1.8.0_92\bin;C:\WINDOWS\Sun\Java\bin;C:\WINDOWS\system32;C:\WINDOWS;C:\ProgramData\Oracle\Java\javapath;C:\WINDOWS\system32;C:\WINDOWS;C:\WINDOWS\System32\Wbem;C:\WINDOWS\System32\WindowsPowerShell\v1.0\;E:\Java\jdk1.8.0_92\bin;E:\maven\apache-maven-3.3.9\bin;C:\Program Files\MySQL\MySQL Utilities 1.6\;C:\Program Files\MySQL\MySQL Server 5.7\bin;E:\gradle\gradle-4.2.1\bin;E:\Git\cmd;C:\Users\ASUS\AppData\Local\Microsoft\WindowsApps;;E:\VSCode\Microsoft VS Code\bin;.]
2018-04-04 09:54:50,804 INFO  o.a.c.c.C.[Tomcat].[localhost].[/] 180 - Initializing Spring embedded WebApplicationContext
2018-04-04 09:54:50,805 INFO  o.s.web.context.ContextLoader 285 - Root WebApplicationContext: initialization completed in 2554 ms
2018-04-04 09:54:51,007 INFO  o.s.b.w.s.ServletRegistrationBean 185 - Servlet dispatcherServlet mapped to [/]
2018-04-04 09:54:51,013 INFO  o.s.b.w.s.FilterRegistrationBean 243 - Mapping filter: 'characterEncodingFilter' to: [/*]
2018-04-04 09:54:51,014 INFO  o.s.b.w.s.FilterRegistrationBean 243 - Mapping filter: 'hiddenHttpMethodFilter' to: [/*]
2018-04-04 09:54:51,014 INFO  o.s.b.w.s.FilterRegistrationBean 243 - Mapping filter: 'httpPutFormContentFilter' to: [/*]
2018-04-04 09:54:51,014 INFO  o.s.b.w.s.FilterRegistrationBean 243 - Mapping filter: 'requestContextFilter' to: [/*]
2018-04-04 09:54:51,016 INFO  o.s.b.w.s.FilterRegistrationBean 243 - Mapping filter: 'corsFilter' to: [/*]
2018-04-04 09:54:51,696 INFO  o.s.w.s.m.m.a.RequestMappingHandlerAdapter 567 - Looking for @ControllerAdvice: org.springframework.boot.web.servlet.context.AnnotationConfigServletWebServerApplicationContext@1dde4cb2: startup date [Wed Apr 04 09:54:48 CST 2018]; root of context hierarchy
2018-04-04 09:54:51,781 INFO  o.s.w.s.m.m.a.RequestMappingHandlerMapping 548 - Mapped "{[/error]}" onto public org.springframework.http.ResponseEntity<java.util.Map<java.lang.String, java.lang.Object>> org.springframework.boot.autoconfigure.web.servlet.error.BasicErrorController.error(javax.servlet.http.HttpServletRequest)
2018-04-04 09:54:51,783 INFO  o.s.w.s.m.m.a.RequestMappingHandlerMapping 548 - Mapped "{[/error],produces=[text/html]}" onto public org.springframework.web.servlet.ModelAndView org.springframework.boot.autoconfigure.web.servlet.error.BasicErrorController.errorHtml(javax.servlet.http.HttpServletRequest,javax.servlet.http.HttpServletResponse)
2018-04-04 09:54:51,826 INFO  o.s.w.s.h.SimpleUrlHandlerMapping 373 - Mapped URL path [/**] onto handler of type [class org.springframework.web.servlet.resource.ResourceHttpRequestHandler]
2018-04-04 09:54:51,826 INFO  o.s.w.s.h.SimpleUrlHandlerMapping 373 - Mapped URL path [/webjars/**] onto handler of type [class org.springframework.web.servlet.resource.ResourceHttpRequestHandler]
2018-04-04 09:54:51,870 INFO  o.s.w.s.h.SimpleUrlHandlerMapping 373 - Mapped URL path [/**/favicon.ico] onto handler of type [class org.springframework.web.servlet.resource.ResourceHttpRequestHandler]
2018-04-04 09:54:52,233 WARN  o.s.b.w.s.c.AnnotationConfigServletWebServerApplicationContext 557 - Exception encountered during context initialization - cancelling refresh attempt: org.springframework.beans.factory.UnsatisfiedDependencyException: Error creating bean with name 'tk.mybatis.mapper.autoconfigure.MapperAutoConfiguration': Unsatisfied dependency expressed through field 'properties'; nested exception is org.springframework.boot.context.properties.ConfigurationPropertiesBindException: Error creating bean with name 'mapper-tk.mybatis.mapper.autoconfigure.MapperProperties': Could not bind properties to 'MapperProperties' : prefix=mapper, ignoreInvalidFields=false, ignoreUnknownFields=true; nested exception is org.springframework.boot.context.properties.bind.BindException: Failed to bind properties under 'mapper.mappers' to java.util.List<java.lang.Class<?>>
2018-04-04 09:54:52,233 INFO  o.s.j.e.a.AnnotationMBeanExporter 452 - Unregistering JMX-exposed beans on shutdown
2018-04-04 09:54:52,242 INFO  o.a.catalina.core.StandardService 180 - Stopping service [Tomcat]
2018-04-04 09:54:52,276 WARN  o.a.c.loader.WebappClassLoaderBase 180 - The web application [ROOT] appears to have started a thread named [Abandoned connection cleanup thread] but has failed to stop it. This is very likely to create a memory leak. Stack trace of thread:
2018-04-04 09:54:52,293 INFO  o.s.b.a.l.ConditionEvaluationReportLoggingListener 101 - 

Error starting ApplicationContext. To display the conditions report re-run your application with 'debug' enabled.
2018-04-04 09:57:09,238 INFO  com.akera.ApplicationStart 50 - Starting ApplicationStart on DESKTOP-UPB3B4J with PID 11164 (F:\IDEAProject\springboot_jwt\target\classes started by ASUS in F:\IDEAProject\springboot_jwt)
2018-04-04 09:57:09,244 INFO  com.akera.ApplicationStart 656 - The following profiles are active: dev
2018-04-04 09:57:09,319 INFO  o.s.b.w.s.c.AnnotationConfigServletWebServerApplicationContext 589 - Refreshing org.springframework.boot.web.servlet.context.AnnotationConfigServletWebServerApplicationContext@72057ecf: startup date [Wed Apr 04 09:57:09 CST 2018]; root of context hierarchy
2018-04-04 09:57:10,171 WARN  o.m.s.mapper.ClassPathMapperScanner 167 - No MyBatis mapper was found in '[com.akera]' package. Please check your configuration.
2018-04-04 09:57:11,152 INFO  o.s.b.w.e.tomcat.TomcatWebServer 91 - Tomcat initialized with port(s): 10086 (http)
2018-04-04 09:57:11,165 INFO  o.a.coyote.http11.Http11NioProtocol 180 - Initializing ProtocolHandler ["http-nio-10086"]
2018-04-04 09:57:11,178 INFO  o.a.catalina.core.StandardService 180 - Starting service [Tomcat]
2018-04-04 09:57:11,179 INFO  o.a.catalina.core.StandardEngine 180 - Starting Servlet Engine: Apache Tomcat/8.5.28
2018-04-04 09:57:11,188 INFO  o.a.c.core.AprLifecycleListener 180 - The APR based Apache Tomcat Native library which allows optimal performance in production environments was not found on the java.library.path: [E:\Java\jdk1.8.0_92\bin;C:\WINDOWS\Sun\Java\bin;C:\WINDOWS\system32;C:\WINDOWS;C:\ProgramData\Oracle\Java\javapath;C:\WINDOWS\system32;C:\WINDOWS;C:\WINDOWS\System32\Wbem;C:\WINDOWS\System32\WindowsPowerShell\v1.0\;E:\Java\jdk1.8.0_92\bin;E:\maven\apache-maven-3.3.9\bin;C:\Program Files\MySQL\MySQL Utilities 1.6\;C:\Program Files\MySQL\MySQL Server 5.7\bin;E:\gradle\gradle-4.2.1\bin;E:\Git\cmd;C:\Users\ASUS\AppData\Local\Microsoft\WindowsApps;;E:\VSCode\Microsoft VS Code\bin;.]
2018-04-04 09:57:11,334 INFO  o.a.c.c.C.[Tomcat].[localhost].[/] 180 - Initializing Spring embedded WebApplicationContext
2018-04-04 09:57:11,335 INFO  o.s.web.context.ContextLoader 285 - Root WebApplicationContext: initialization completed in 2016 ms
2018-04-04 09:57:11,598 INFO  o.s.b.w.s.ServletRegistrationBean 185 - Servlet dispatcherServlet mapped to [/]
2018-04-04 09:57:11,603 INFO  o.s.b.w.s.FilterRegistrationBean 243 - Mapping filter: 'characterEncodingFilter' to: [/*]
2018-04-04 09:57:11,604 INFO  o.s.b.w.s.FilterRegistrationBean 243 - Mapping filter: 'hiddenHttpMethodFilter' to: [/*]
2018-04-04 09:57:11,604 INFO  o.s.b.w.s.FilterRegistrationBean 243 - Mapping filter: 'httpPutFormContentFilter' to: [/*]
2018-04-04 09:57:11,604 INFO  o.s.b.w.s.FilterRegistrationBean 243 - Mapping filter: 'requestContextFilter' to: [/*]
2018-04-04 09:57:11,605 INFO  o.s.b.w.s.FilterRegistrationBean 243 - Mapping filter: 'corsFilter' to: [/*]
2018-04-04 09:57:12,291 INFO  o.s.w.s.m.m.a.RequestMappingHandlerAdapter 567 - Looking for @ControllerAdvice: org.springframework.boot.web.servlet.context.AnnotationConfigServletWebServerApplicationContext@72057ecf: startup date [Wed Apr 04 09:57:09 CST 2018]; root of context hierarchy
2018-04-04 09:57:12,381 INFO  o.s.w.s.m.m.a.RequestMappingHandlerMapping 548 - Mapped "{[/error]}" onto public org.springframework.http.ResponseEntity<java.util.Map<java.lang.String, java.lang.Object>> org.springframework.boot.autoconfigure.web.servlet.error.BasicErrorController.error(javax.servlet.http.HttpServletRequest)
2018-04-04 09:57:12,383 INFO  o.s.w.s.m.m.a.RequestMappingHandlerMapping 548 - Mapped "{[/error],produces=[text/html]}" onto public org.springframework.web.servlet.ModelAndView org.springframework.boot.autoconfigure.web.servlet.error.BasicErrorController.errorHtml(javax.servlet.http.HttpServletRequest,javax.servlet.http.HttpServletResponse)
2018-04-04 09:57:12,430 INFO  o.s.w.s.h.SimpleUrlHandlerMapping 373 - Mapped URL path [/**] onto handler of type [class org.springframework.web.servlet.resource.ResourceHttpRequestHandler]
2018-04-04 09:57:12,431 INFO  o.s.w.s.h.SimpleUrlHandlerMapping 373 - Mapped URL path [/webjars/**] onto handler of type [class org.springframework.web.servlet.resource.ResourceHttpRequestHandler]
2018-04-04 09:57:12,479 INFO  o.s.w.s.h.SimpleUrlHandlerMapping 373 - Mapped URL path [/**/favicon.ico] onto handler of type [class org.springframework.web.servlet.resource.ResourceHttpRequestHandler]
2018-04-04 09:57:12,929 INFO  o.s.j.e.a.AnnotationMBeanExporter 434 - Registering beans for JMX exposure on startup
2018-04-04 09:57:12,930 INFO  o.s.j.e.a.AnnotationMBeanExporter 896 - Bean with name 'dataSource' has been autodetected for JMX exposure
2018-04-04 09:57:12,936 INFO  o.s.j.e.a.AnnotationMBeanExporter 669 - Located MBean 'dataSource': registering with JMX server as MBean [com.alibaba.druid.pool:name=dataSource,type=DruidDataSource]
2018-04-04 09:57:12,965 INFO  o.a.coyote.http11.Http11NioProtocol 180 - Starting ProtocolHandler ["http-nio-10086"]
2018-04-04 09:57:12,978 INFO  o.a.tomcat.util.net.NioSelectorPool 180 - Using a shared selector for servlet write/read
2018-04-04 09:57:13,019 INFO  o.s.b.w.e.tomcat.TomcatWebServer 205 - Tomcat started on port(s): 10086 (http) with context path ''
2018-04-04 09:57:13,022 INFO  com.akera.ApplicationStart 59 - Started ApplicationStart in 4.46 seconds (JVM running for 5.144)
